  cl : Command line warning D9025 : overriding '/openmp' with '/openmp:experimental'
  ColonyController.cpp
D:\Github\Anterminator\Anterminator\AntSim\PheremoneGrid.h(39,10): warning C4244:  'initializing': conversion from 'double' to 'int', possible loss of data
D:\Github\Anterminator\Anterminator\AntSim\PheremoneGrid.h(40,10): warning C4244:  'initializing': conversion from 'double' to 'int', possible loss of data
D:\Github\Anterminator\Anterminator\AntSim\PheremoneGrid.h(51,10): warning C4244:  'initializing': conversion from 'double' to 'int', possible loss of data
D:\Github\Anterminator\Anterminator\AntSim\PheremoneGrid.h(52,10): warning C4244:  'initializing': conversion from 'double' to 'int', possible loss of data
D:\Github\Anterminator\Anterminator\AntSim\PheremoneGrid.h(63,10): warning C4244:  'initializing': conversion from 'double' to 'int', possible loss of data
D:\Github\Anterminator\Anterminator\AntSim\PheremoneGrid.h(64,10): warning C4244:  'initializing': conversion from 'double' to 'int', possible loss of data
  ControlPlacePheremone.cpp
D:\Github\Anterminator\Anterminator\AntSim\ColonyController.cpp(90,17): warning C4244:  'initializing': conversion from 'double' to 'int', possible loss of data
D:\Github\Anterminator\Anterminator\AntSim\PheremoneGrid.h(39,10): warning C4244:  'initializing': conversion from 'double' to 'int', possible loss of data
D:\Github\Anterminator\Anterminator\AntSim\PheremoneGrid.h(40,10): warning C4244:  'initializing': conversion from 'double' to 'int', possible loss of data
D:\Github\Anterminator\Anterminator\AntSim\PheremoneGrid.h(51,10): warning C4244:  'initializing': conversion from 'double' to 'int', possible loss of data
D:\Github\Anterminator\Anterminator\AntSim\PheremoneGrid.h(52,10): warning C4244:  'initializing': conversion from 'double' to 'int', possible loss of data
D:\Github\Anterminator\Anterminator\AntSim\PheremoneGrid.h(63,10): warning C4244:  'initializing': conversion from 'double' to 'int', possible loss of data
D:\Github\Anterminator\Anterminator\AntSim\PheremoneGrid.h(64,10): warning C4244:  'initializing': conversion from 'double' to 'int', possible loss of data
  ControlRandomWalk.cpp
D:\Github\Anterminator\Anterminator\AntSim\ControlPlacePheremone.cpp(15,56): warning C4244:  'argument': conversion from 'int' to 'float', possible loss of data
D:\Github\Anterminator\Anterminator\AntSim\PheremoneGrid.h(39,10): warning C4244:  'initializing': conversion from 'double' to 'int', possible loss of data
D:\Github\Anterminator\Anterminator\AntSim\PheremoneGrid.h(40,10): warning C4244:  'initializing': conversion from 'double' to 'int', possible loss of data
D:\Github\Anterminator\Anterminator\AntSim\PheremoneGrid.h(51,10): warning C4244:  'initializing': conversion from 'double' to 'int', possible loss of data
D:\Github\Anterminator\Anterminator\AntSim\PheremoneGrid.h(52,10): warning C4244:  'initializing': conversion from 'double' to 'int', possible loss of data
D:\Github\Anterminator\Anterminator\AntSim\PheremoneGrid.h(63,10): warning C4244:  'initializing': conversion from 'double' to 'int', possible loss of data
  Entity.cpp
D:\Github\Anterminator\Anterminator\AntSim\PheremoneGrid.h(64,10): warning C4244:  'initializing': conversion from 'double' to 'int', possible loss of data
D:\Github\Anterminator\Anterminator\AntSim\PheremoneGrid.h(39,10): warning C4244:  'initializing': conversion from 'double' to 'int', possible loss of data
D:\Github\Anterminator\Anterminator\AntSim\PheremoneGrid.h(40,10): warning C4244:  'initializing': conversion from 'double' to 'int', possible loss of data
D:\Github\Anterminator\Anterminator\AntSim\PheremoneGrid.h(51,10): warning C4244:  'initializing': conversion from 'double' to 'int', possible loss of data
D:\Github\Anterminator\Anterminator\AntSim\PheremoneGrid.h(52,10): warning C4244:  'initializing': conversion from 'double' to 'int', possible loss of data
D:\Github\Anterminator\Anterminator\AntSim\PheremoneGrid.h(63,10): warning C4244:  'initializing': conversion from 'double' to 'int', possible loss of data
  Main.cpp
D:\Github\Anterminator\Anterminator\AntSim\PheremoneGrid.h(64,10): warning C4244:  'initializing': conversion from 'double' to 'int', possible loss of data
D:\Github\Anterminator\Anterminator\AntSim\PheremoneGrid.h(39,10): warning C4244:  'initializing': conversion from 'double' to 'int', possible loss of data
D:\Github\Anterminator\Anterminator\AntSim\PheremoneGrid.h(40,10): warning C4244:  'initializing': conversion from 'double' to 'int', possible loss of data
D:\Github\Anterminator\Anterminator\AntSim\PheremoneGrid.h(51,10): warning C4244:  'initializing': conversion from 'double' to 'int', possible loss of data
D:\Github\Anterminator\Anterminator\AntSim\PheremoneGrid.h(52,10): warning C4244:  'initializing': conversion from 'double' to 'int', possible loss of data
D:\Github\Anterminator\Anterminator\AntSim\PheremoneGrid.h(63,10): warning C4244:  'initializing': conversion from 'double' to 'int', possible loss of data
D:\Github\Anterminator\Anterminator\AntSim\PheremoneGrid.h(64,10): warning C4244:  'initializing': conversion from 'double' to 'int', possible loss of data
D:\Github\Anterminator\Anterminator\AntSim\Main.cpp(61,63): warning C4244:  '=': conversion from 'T' to 'sf::Uint8', possible loss of data
D:\Github\Anterminator\Anterminator\AntSim\Main.cpp(61,63): warning C4244:         with
D:\Github\Anterminator\Anterminator\AntSim\Main.cpp(61,63): warning C4244:         [
D:\Github\Anterminator\Anterminator\AntSim\Main.cpp(61,63): warning C4244:             T=float
D:\Github\Anterminator\Anterminator\AntSim\Main.cpp(61,63): warning C4244:         ]
D:\Github\Anterminator\Anterminator\AntSim\Main.cpp(62,63): warning C4244:  '=': conversion from 'T' to 'sf::Uint8', possible loss of data
D:\Github\Anterminator\Anterminator\AntSim\Main.cpp(62,63): warning C4244:         with
D:\Github\Anterminator\Anterminator\AntSim\Main.cpp(62,63): warning C4244:         [
D:\Github\Anterminator\Anterminator\AntSim\Main.cpp(62,63): warning C4244:             T=float
D:\Github\Anterminator\Anterminator\AntSim\Main.cpp(62,63): warning C4244:         ]
D:\Github\Anterminator\Anterminator\AntSim\Main.cpp(63,63): warning C4244:  '=': conversion from 'T' to 'sf::Uint8', possible loss of data
D:\Github\Anterminator\Anterminator\AntSim\Main.cpp(63,63): warning C4244:         with
D:\Github\Anterminator\Anterminator\AntSim\Main.cpp(63,63): warning C4244:         [
D:\Github\Anterminator\Anterminator\AntSim\Main.cpp(63,63): warning C4244:             T=float
D:\Github\Anterminator\Anterminator\AntSim\Main.cpp(63,63): warning C4244:         ]
D:\Github\Anterminator\Anterminator\AntSim\Main.cpp(71,15): warning C4244:  'initializing': conversion from 'double' to 'float', possible loss of data
D:\Github\Anterminator\Anterminator\AntSim\Main.cpp(92,42): warning C4244:  '=': conversion from 'T' to '_Ty', possible loss of data
D:\Github\Anterminator\Anterminator\AntSim\Main.cpp(92,42): warning C4244:         with
D:\Github\Anterminator\Anterminator\AntSim\Main.cpp(92,42): warning C4244:         [
D:\Github\Anterminator\Anterminator\AntSim\Main.cpp(92,42): warning C4244:             T=float
D:\Github\Anterminator\Anterminator\AntSim\Main.cpp(92,42): warning C4244:         ]
D:\Github\Anterminator\Anterminator\AntSim\Main.cpp(92,42): warning C4244:         and
D:\Github\Anterminator\Anterminator\AntSim\Main.cpp(92,42): warning C4244:         [
D:\Github\Anterminator\Anterminator\AntSim\Main.cpp(92,42): warning C4244:             _Ty=sf::Uint8
D:\Github\Anterminator\Anterminator\AntSim\Main.cpp(92,42): warning C4244:         ]
D:\Github\Anterminator\Anterminator\AntSim\Main.cpp(93,46): warning C4244:  '=': conversion from 'T' to '_Ty', possible loss of data
D:\Github\Anterminator\Anterminator\AntSim\Main.cpp(93,46): warning C4244:         with
D:\Github\Anterminator\Anterminator\AntSim\Main.cpp(93,46): warning C4244:         [
D:\Github\Anterminator\Anterminator\AntSim\Main.cpp(93,46): warning C4244:             T=float
D:\Github\Anterminator\Anterminator\AntSim\Main.cpp(93,46): warning C4244:         ]
D:\Github\Anterminator\Anterminator\AntSim\Main.cpp(93,46): warning C4244:         and
D:\Github\Anterminator\Anterminator\AntSim\Main.cpp(93,46): warning C4244:         [
D:\Github\Anterminator\Anterminator\AntSim\Main.cpp(93,46): warning C4244:             _Ty=sf::Uint8
D:\Github\Anterminator\Anterminator\AntSim\Main.cpp(93,46): warning C4244:         ]
D:\Github\Anterminator\Anterminator\AntSim\Main.cpp(94,46): warning C4244:  '=': conversion from 'T' to '_Ty', possible loss of data
D:\Github\Anterminator\Anterminator\AntSim\Main.cpp(94,46): warning C4244:         with
D:\Github\Anterminator\Anterminator\AntSim\Main.cpp(94,46): warning C4244:         [
D:\Github\Anterminator\Anterminator\AntSim\Main.cpp(94,46): warning C4244:             T=float
D:\Github\Anterminator\Anterminator\AntSim\Main.cpp(94,46): warning C4244:         ]
D:\Github\Anterminator\Anterminator\AntSim\Main.cpp(94,46): warning C4244:         and
D:\Github\Anterminator\Anterminator\AntSim\Main.cpp(94,46): warning C4244:         [
D:\Github\Anterminator\Anterminator\AntSim\Main.cpp(94,46): warning C4244:             _Ty=sf::Uint8
D:\Github\Anterminator\Anterminator\AntSim\Main.cpp(94,46): warning C4244:         ]
D:\Github\Anterminator\Anterminator\AntSim\Main.cpp(120,55): warning C4244:  '+=': conversion from 'T' to '_Ty', possible loss of data
D:\Github\Anterminator\Anterminator\AntSim\Main.cpp(120,55): warning C4244:         with
D:\Github\Anterminator\Anterminator\AntSim\Main.cpp(120,55): warning C4244:         [
D:\Github\Anterminator\Anterminator\AntSim\Main.cpp(120,55): warning C4244:             T=float
D:\Github\Anterminator\Anterminator\AntSim\Main.cpp(120,55): warning C4244:         ]
D:\Github\Anterminator\Anterminator\AntSim\Main.cpp(120,55): warning C4244:         and
D:\Github\Anterminator\Anterminator\AntSim\Main.cpp(120,55): warning C4244:         [
D:\Github\Anterminator\Anterminator\AntSim\Main.cpp(120,55): warning C4244:             _Ty=sf::Uint8
D:\Github\Anterminator\Anterminator\AntSim\Main.cpp(120,55): warning C4244:         ]
D:\Github\Anterminator\Anterminator\AntSim\Main.cpp(121,59): warning C4244:  '+=': conversion from 'T' to '_Ty', possible loss of data
D:\Github\Anterminator\Anterminator\AntSim\Main.cpp(121,59): warning C4244:         with
D:\Github\Anterminator\Anterminator\AntSim\Main.cpp(121,59): warning C4244:         [
D:\Github\Anterminator\Anterminator\AntSim\Main.cpp(121,59): warning C4244:             T=float
D:\Github\Anterminator\Anterminator\AntSim\Main.cpp(121,59): warning C4244:         ]
D:\Github\Anterminator\Anterminator\AntSim\Main.cpp(121,59): warning C4244:         and
D:\Github\Anterminator\Anterminator\AntSim\Main.cpp(121,59): warning C4244:         [
D:\Github\Anterminator\Anterminator\AntSim\Main.cpp(121,59): warning C4244:             _Ty=sf::Uint8
D:\Github\Anterminator\Anterminator\AntSim\Main.cpp(121,59): warning C4244:         ]
D:\Github\Anterminator\Anterminator\AntSim\Main.cpp(122,59): warning C4244:  '+=': conversion from 'T' to '_Ty', possible loss of data
D:\Github\Anterminator\Anterminator\AntSim\Main.cpp(122,59): warning C4244:         with
D:\Github\Anterminator\Anterminator\AntSim\Main.cpp(122,59): warning C4244:         [
D:\Github\Anterminator\Anterminator\AntSim\Main.cpp(122,59): warning C4244:             T=float
D:\Github\Anterminator\Anterminator\AntSim\Main.cpp(122,59): warning C4244:         ]
D:\Github\Anterminator\Anterminator\AntSim\Main.cpp(122,59): warning C4244:         and
D:\Github\Anterminator\Anterminator\AntSim\Main.cpp(122,59): warning C4244:         [
D:\Github\Anterminator\Anterminator\AntSim\Main.cpp(122,59): warning C4244:             _Ty=sf::Uint8
D:\Github\Anterminator\Anterminator\AntSim\Main.cpp(122,59): warning C4244:         ]
D:\Github\Anterminator\Anterminator\AntSim\Main.cpp(170,81): warning C4244:  'argument': conversion from 'T' to 'sf::Uint8', possible loss of data
D:\Github\Anterminator\Anterminator\AntSim\Main.cpp(170,81): warning C4244:         with
D:\Github\Anterminator\Anterminator\AntSim\Main.cpp(170,81): warning C4244:         [
D:\Github\Anterminator\Anterminator\AntSim\Main.cpp(170,81): warning C4244:             T=float
D:\Github\Anterminator\Anterminator\AntSim\Main.cpp(170,81): warning C4244:         ]
D:\Github\Anterminator\Anterminator\AntSim\Main.cpp(170,64): warning C4244:  'argument': conversion from 'T' to 'sf::Uint8', possible loss of data
D:\Github\Anterminator\Anterminator\AntSim\Main.cpp(170,64): warning C4244:         with
D:\Github\Anterminator\Anterminator\AntSim\Main.cpp(170,64): warning C4244:         [
D:\Github\Anterminator\Anterminator\AntSim\Main.cpp(170,64): warning C4244:             T=float
D:\Github\Anterminator\Anterminator\AntSim\Main.cpp(170,64): warning C4244:         ]
D:\Github\Anterminator\Anterminator\AntSim\Main.cpp(170,47): warning C4244:  'argument': conversion from 'T' to 'sf::Uint8', possible loss of data
D:\Github\Anterminator\Anterminator\AntSim\Main.cpp(170,47): warning C4244:         with
D:\Github\Anterminator\Anterminator\AntSim\Main.cpp(170,47): warning C4244:         [
D:\Github\Anterminator\Anterminator\AntSim\Main.cpp(170,47): warning C4244:             T=float
D:\Github\Anterminator\Anterminator\AntSim\Main.cpp(170,47): warning C4244:         ]
D:\Github\Anterminator\Anterminator\AntSim\Main.cpp(192,176): warning C4244:  'argument': conversion from 'T' to 'sf::Uint8', possible loss of data
D:\Github\Anterminator\Anterminator\AntSim\Main.cpp(192,176): warning C4244:         with
D:\Github\Anterminator\Anterminator\AntSim\Main.cpp(192,176): warning C4244:         [
D:\Github\Anterminator\Anterminator\AntSim\Main.cpp(192,176): warning C4244:             T=float
D:\Github\Anterminator\Anterminator\AntSim\Main.cpp(192,176): warning C4244:         ]
D:\Github\Anterminator\Anterminator\AntSim\Main.cpp(192,128): warning C4244:  'argument': conversion from 'T' to 'sf::Uint8', possible loss of data
D:\Github\Anterminator\Anterminator\AntSim\Main.cpp(192,128): warning C4244:         with
D:\Github\Anterminator\Anterminator\AntSim\Main.cpp(192,128): warning C4244:         [
D:\Github\Anterminator\Anterminator\AntSim\Main.cpp(192,128): warning C4244:             T=float
D:\Github\Anterminator\Anterminator\AntSim\Main.cpp(192,128): warning C4244:         ]
D:\Github\Anterminator\Anterminator\AntSim\Main.cpp(192,80): warning C4244:  'argument': conversion from 'T' to 'sf::Uint8', possible loss of data
D:\Github\Anterminator\Anterminator\AntSim\Main.cpp(192,80): warning C4244:         with
D:\Github\Anterminator\Anterminator\AntSim\Main.cpp(192,80): warning C4244:         [
D:\Github\Anterminator\Anterminator\AntSim\Main.cpp(192,80): warning C4244:             T=float
D:\Github\Anterminator\Anterminator\AntSim\Main.cpp(192,80): warning C4244:         ]
D:\Github\Anterminator\Anterminator\AntSim\Main.cpp(212,41): warning C4244:  '+=': conversion from 'double' to 'float', possible loss of data
D:\Github\Anterminator\Anterminator\AntSim\Main.cpp(218,41): warning C4244:  '+=': conversion from 'double' to 'float', possible loss of data
D:\Github\Anterminator\Anterminator\AntSim\Main.cpp(241,29): warning C4244:  '=': conversion from 'unsigned int' to 'T', possible loss of data
D:\Github\Anterminator\Anterminator\AntSim\Main.cpp(241,29): warning C4244:         with
D:\Github\Anterminator\Anterminator\AntSim\Main.cpp(241,29): warning C4244:         [
D:\Github\Anterminator\Anterminator\AntSim\Main.cpp(241,29): warning C4244:             T=float
D:\Github\Anterminator\Anterminator\AntSim\Main.cpp(241,29): warning C4244:         ]
D:\Github\Anterminator\Anterminator\AntSim\Main.cpp(242,29): warning C4244:  '=': conversion from 'unsigned int' to 'T', possible loss of data
D:\Github\Anterminator\Anterminator\AntSim\Main.cpp(242,29): warning C4244:         with
D:\Github\Anterminator\Anterminator\AntSim\Main.cpp(242,29): warning C4244:         [
D:\Github\Anterminator\Anterminator\AntSim\Main.cpp(242,29): warning C4244:             T=float
D:\Github\Anterminator\Anterminator\AntSim\Main.cpp(242,29): warning C4244:         ]
D:\Github\Anterminator\Anterminator\AntSim\Main.cpp(316,21): warning C4244:  'initializing': conversion from 'double' to 'float', possible loss of data
D:\Github\Anterminator\Anterminator\AntSim\Main.cpp(360,83): warning C4244:  'argument': conversion from 'T' to 'unsigned int', possible loss of data
D:\Github\Anterminator\Anterminator\AntSim\Main.cpp(360,83): warning C4244:         with
D:\Github\Anterminator\Anterminator\AntSim\Main.cpp(360,83): warning C4244:         [
D:\Github\Anterminator\Anterminator\AntSim\Main.cpp(360,83): warning C4244:             T=float
D:\Github\Anterminator\Anterminator\AntSim\Main.cpp(360,83): warning C4244:         ]
D:\Github\Anterminator\Anterminator\AntSim\Main.cpp(360,70): warning C4244:  'argument': conversion from 'T' to 'unsigned int', possible loss of data
D:\Github\Anterminator\Anterminator\AntSim\Main.cpp(360,70): warning C4244:         with
D:\Github\Anterminator\Anterminator\AntSim\Main.cpp(360,70): warning C4244:         [
D:\Github\Anterminator\Anterminator\AntSim\Main.cpp(360,70): warning C4244:             T=float
D:\Github\Anterminator\Anterminator\AntSim\Main.cpp(360,70): warning C4244:         ]
  World.cpp
D:\Github\Anterminator\Anterminator\AntSim\Main.cpp(425,40): warning C4244:  '=': conversion from 'double' to 'float', possible loss of data
D:\Github\Anterminator\Anterminator\AntSim\PheremoneGrid.h(39,10): warning C4244:  'initializing': conversion from 'double' to 'int', possible loss of data
D:\Github\Anterminator\Anterminator\AntSim\PheremoneGrid.h(40,10): warning C4244:  'initializing': conversion from 'double' to 'int', possible loss of data
D:\Github\Anterminator\Anterminator\AntSim\PheremoneGrid.h(51,10): warning C4244:  'initializing': conversion from 'double' to 'int', possible loss of data
D:\Github\Anterminator\Anterminator\AntSim\PheremoneGrid.h(52,10): warning C4244:  'initializing': conversion from 'double' to 'int', possible loss of data
D:\Github\Anterminator\Anterminator\AntSim\PheremoneGrid.h(63,10): warning C4244:  'initializing': conversion from 'double' to 'int', possible loss of data
D:\Github\Anterminator\Anterminator\AntSim\PheremoneGrid.h(64,10): warning C4244:  'initializing': conversion from 'double' to 'int', possible loss of data
D:\Github\Anterminator\Anterminator\AntSim\World.cpp(7,21): warning C4244:  'argument': conversion from 'time_t' to 'unsigned int', possible loss of data
D:\Github\Anterminator\Anterminator\AntSim\World.cpp(124,46): warning C4244:  '+=': conversion from 'double' to 'float', possible loss of data
D:\Github\Anterminator\Anterminator\AntSim\World.cpp(252,45): warning C4244:  '+=': conversion from 'double' to 'float', possible loss of data
D:\Github\Anterminator\Anterminator\AntSim\World.cpp(282,49): warning C4244:  '+=': conversion from 'double' to 'float', possible loss of data
D:\Github\Anterminator\Anterminator\AntSim\World.cpp(322,73): warning C4244:  '-=': conversion from 'double' to 'float', possible loss of data
D:\Github\Anterminator\Anterminator\AntSim\World.cpp(377,42): warning C4244:  '=': conversion from 'float' to 'int', possible loss of data
D:\Github\Anterminator\Anterminator\AntSim\World.cpp(381,42): warning C4244:  '=': conversion from 'float' to 'int', possible loss of data
D:\Github\Anterminator\Anterminator\AntSim\World.cpp(409,47): warning C4244:  '+=': conversion from 'double' to 'float', possible loss of data
D:\Github\Anterminator\Anterminator\AntSim\ChunkArray.h(22,10): warning C4244:  'initializing': conversion from 'double' to 'int', possible loss of data
D:\Github\Anterminator\Anterminator\AntSim\ChunkArray.h(21): message :  while compiling class template member function 'std::tuple<int,int> ChunkArray<1000>::GetChunkPos(float,float)'
D:\Github\Anterminator\Anterminator\AntSim\World.cpp(106): message :  see reference to function template instantiation 'std::tuple<int,int> ChunkArray<1000>::GetChunkPos(float,float)' being compiled
D:\Github\Anterminator\Anterminator\AntSim\World.h(36): message :  see reference to class template instantiation 'ChunkArray<1000>' being compiled
D:\Github\Anterminator\Anterminator\AntSim\ChunkArray.h(23,10): warning C4244:  'initializing': conversion from 'double' to 'int', possible loss of data
D:\Github\Anterminator\Anterminator\AntSim\ChunkArray.h(14,10): warning C4244:  'initializing': conversion from 'double' to 'int', possible loss of data
D:\Github\Anterminator\Anterminator\AntSim\ChunkArray.h(13): message :  while compiling class template member function 'Chunk &ChunkArray<1000>::GetChunk(float,float)'
D:\Github\Anterminator\Anterminator\AntSim\World.cpp(97): message :  see reference to function template instantiation 'Chunk &ChunkArray<1000>::GetChunk(float,float)' being compiled
D:\Github\Anterminator\Anterminator\AntSim\ChunkArray.h(15,10): warning C4244:  'initializing': conversion from 'double' to 'int', possible loss of data
  Generating code
  0 of 637 functions ( 0.0%) were compiled, the rest were copied from previous compilation.
    0 functions were new in current compilation
    0 functions had inline decision re-evaluated but remain unchanged
  Finished generating code
  AntSim.vcxproj -> D:\Github\Anterminator\Anterminator\x64\Release\AntSim.exe
