d:\github\anterminator\anterminator\x64\release\anterminator.ipdb
d:\github\anterminator\anterminator\x64\release\anterminator.iobj
d:\github\anterminator\anterminator\anterminator\x64\release\vc142.pdb
d:\github\anterminator\anterminator\anterminator\x64\release\keymanager.obj
d:\github\anterminator\anterminator\anterminator\x64\release\world.obj
d:\github\anterminator\anterminator\anterminator\x64\release\renderengine.obj
d:\github\anterminator\anterminator\anterminator\x64\release\main.obj
d:\github\anterminator\anterminator\anterminator\x64\release\shaderprogram.obj
d:\github\anterminator\anterminator\anterminator\x64\release\shader.obj
d:\github\anterminator\anterminator\anterminator\x64\release\entity.obj
d:\github\anterminator\anterminator\anterminator\x64\release\chunk.obj
d:\github\anterminator\anterminator\anterminator\x64\release\camera.obj
d:\github\anterminator\anterminator\anterminator\x64\release\renderenginegpu.obj
d:\github\anterminator\anterminator\anterminator\x64\release\gamemanager.obj
d:\github\anterminator\anterminator\anterminator\x64\release\chunkmap.obj
d:\github\anterminator\anterminator\anterminator\x64\release\collisionhash.obj
d:\github\anterminator\anterminator\anterminator\x64\release\pheremonegrid.obj
d:\github\anterminator\anterminator\anterminator\x64\release\antcolonycontroller.obj
d:\github\anterminator\anterminator\anterminator\x64\release\behaviour.obj
d:\github\anterminator\anterminator\x64\release\anterminator.exe
d:\github\anterminator\anterminator\x64\release\anterminator.pdb
d:\github\anterminator\anterminator\anterminator\x64\release\anterminator.tlog\anterminator.write.1u.tlog
d:\github\anterminator\anterminator\anterminator\x64\release\anterminator.tlog\cl.command.1.tlog
d:\github\anterminator\anterminator\anterminator\x64\release\anterminator.tlog\cl.read.1.tlog
d:\github\anterminator\anterminator\anterminator\x64\release\anterminator.tlog\cl.write.1.tlog
d:\github\anterminator\anterminator\anterminator\x64\release\anterminator.tlog\link.command.1.tlog
d:\github\anterminator\anterminator\anterminator\x64\release\anterminator.tlog\link.delete.1.tlog
d:\github\anterminator\anterminator\anterminator\x64\release\anterminator.tlog\link.read.1.tlog
d:\github\anterminator\anterminator\anterminator\x64\release\anterminator.tlog\link.write.1.tlog
