  cl : Command line warning D9025 : overriding '/openmp' with '/openmp:experimental'
  World.cpp
D:\Github\Anterminator\Anterminator\Anterminator\PheremoneGrid.h(34,10): warning C4244:  'initializing': conversion from 'float' to 'int', possible loss of data
D:\Github\Anterminator\Anterminator\Anterminator\PheremoneGrid.h(35,10): warning C4244:  'initializing': conversion from 'float' to 'int', possible loss of data
D:\Github\Anterminator\Anterminator\Anterminator\PheremoneGrid.h(60,47): warning C4244:  'initializing': conversion from 'double' to 'float', possible loss of data
D:\Github\Anterminator\Anterminator\Anterminator\PheremoneGrid.h(78,16): warning C4244:  'initializing': conversion from 'double' to 'float', possible loss of data
D:\Github\Anterminator\Anterminator\Anterminator\PheremoneGrid.h(99,10): warning C4244:  'initializing': conversion from 'float' to 'int', possible loss of data
D:\Github\Anterminator\Anterminator\Anterminator\PheremoneGrid.h(100,10): warning C4244:  'initializing': conversion from 'float' to 'int', possible loss of data
D:\Github\Anterminator\Anterminator\Anterminator\PheremoneGrid.h(156,10): warning C4244:  'initializing': conversion from 'float' to 'int', possible loss of data
D:\Github\Anterminator\Anterminator\Anterminator\PheremoneGrid.h(157,10): warning C4244:  'initializing': conversion from 'float' to 'int', possible loss of data
D:\Github\Anterminator\Anterminator\Anterminator\World.cpp(7,21): warning C4244:  'argument': conversion from 'time_t' to 'unsigned int', possible loss of data
D:\Github\Anterminator\Anterminator\Anterminator\World.cpp(97,55): warning C4806:  '!=': unsafe operation: no value of type 'bool' promoted to type 'int' can equal the given constant
D:\Github\Anterminator\Anterminator\Anterminator\World.cpp(203,18): warning C4244:  'initializing': conversion from 'double' to 'float', possible loss of data
D:\Github\Anterminator\Anterminator\Anterminator\World.cpp(211,18): warning C4244:  '=': conversion from 'double' to 'float', possible loss of data
D:\Github\Anterminator\Anterminator\Anterminator\World.cpp(242,16): warning C4244:  'initializing': conversion from 'double' to 'float', possible loss of data
D:\Github\Anterminator\Anterminator\Anterminator\World.cpp(243,19): warning C4244:  'initializing': conversion from 'double' to 'float', possible loss of data
D:\Github\Anterminator\Anterminator\Anterminator\ChunkMap.h(46,10): warning C4244:  'initializing': conversion from 'float' to 'int', possible loss of data
D:\Github\Anterminator\Anterminator\Anterminator\ChunkMap.h(45): message :  while compiling class template member function 'std::tuple<int,int> ChunkMap<128>::GetChunkId(float,float)'
D:\Github\Anterminator\Anterminator\Anterminator\World.cpp(137): message :  see reference to function template instantiation 'std::tuple<int,int> ChunkMap<128>::GetChunkId(float,float)' being compiled
D:\Github\Anterminator\Anterminator\Anterminator\World.h(19): message :  see reference to class template instantiation 'ChunkMap<128>' being compiled
D:\Github\Anterminator\Anterminator\Anterminator\ChunkMap.h(47,10): warning C4244:  'initializing': conversion from 'float' to 'int', possible loss of data
D:\Github\Anterminator\Anterminator\Anterminator\ChunkMap.h(36,10): warning C4244:  'initializing': conversion from 'float' to 'int', possible loss of data
D:\Github\Anterminator\Anterminator\Anterminator\ChunkMap.h(33): message :  while compiling class template member function 'Chunk &ChunkMap<128>::GetChunkPos(float,float)'
D:\Github\Anterminator\Anterminator\Anterminator\World.cpp(119): message :  see reference to function template instantiation 'Chunk &ChunkMap<128>::GetChunkPos(float,float)' being compiled
D:\Github\Anterminator\Anterminator\Anterminator\ChunkMap.h(37,10): warning C4244:  'initializing': conversion from 'float' to 'int', possible loss of data
C:\Program Files (x86)\Microsoft Visual Studio\2019\Community\VC\Tools\MSVC\14.22.27905\include\ostream(365,1): warning C4530:  C++ exception handler used, but unwind semantics are not enabled. Specify /EHsc
C:\Program Files (x86)\Microsoft Visual Studio\2019\Community\VC\Tools\MSVC\14.22.27905\include\ostream(358): message :  while compiling class template member function 'std::basic_ostream<char,std::char_traits<char>> &std::basic_ostream<char,std::char_traits<char>>::operator <<(float)'
D:\Github\Anterminator\Anterminator\Anterminator\World.cpp(383): message :  see reference to function template instantiation 'std::basic_ostream<char,std::char_traits<char>> &std::basic_ostream<char,std::char_traits<char>>::operator <<(float)' being compiled
C:\Program Files (x86)\Microsoft Visual Studio\2019\Community\VC\Tools\MSVC\14.22.27905\include\ostream(601): message :  see reference to class template instantiation 'std::basic_ostream<char,std::char_traits<char>>' being compiled
  Generating code
  5 of 719 functions ( 0.7%) were compiled, the rest were copied from previous compilation.
    1 functions were new in current compilation
    10 functions had inline decision re-evaluated but remain unchanged
  Finished generating code
  Anterminator.vcxproj -> D:\Github\Anterminator\Anterminator\x64\Release\Anterminator.exe
